Determining if the pthread_create exist failed with the following output:
Change Dir: /home/elijah/fprime/Ref/build-fprime-automatic-native/CMakeFiles/CMakeTmp

Run Build Command:"/usr/bin/make" "cmTC_9d734/fast"
/usr/bin/make -f CMakeFiles/cmTC_9d734.dir/build.make CMakeFiles/cmTC_9d734.dir/build
make[1]: Entering directory '/home/elijah/fprime/Ref/build-fprime-automatic-native/CMakeFiles/CMakeTmp'
Building C object CMakeFiles/cmTC_9d734.dir/CheckSymbolExists.c.o
/usr/bin/cc    -o CMakeFiles/cmTC_9d734.dir/CheckSymbolExists.c.o   -c /home/elijah/fprime/Ref/build-fprime-automatic-native/CMakeFiles/CMakeTmp/CheckSymbolExists.c
Linking C executable cmTC_9d734
/usr/bin/cmake -E cmake_link_script CMakeFiles/cmTC_9d734.dir/link.txt --verbose=1
/usr/bin/cc      CMakeFiles/cmTC_9d734.dir/CheckSymbolExists.c.o  -o cmTC_9d734 
CMakeFiles/cmTC_9d734.dir/CheckSymbolExists.c.o: In function `main':
CheckSymbolExists.c:(.text+0x1b): undefined reference to `pthread_create'
collect2: error: ld returned 1 exit status
CMakeFiles/cmTC_9d734.dir/build.make:97: recipe for target 'cmTC_9d734' failed
make[1]: *** [cmTC_9d734] Error 1
make[1]: Leaving directory '/home/elijah/fprime/Ref/build-fprime-automatic-native/CMakeFiles/CMakeTmp'
Makefile:126: recipe for target 'cmTC_9d734/fast' failed
make: *** [cmTC_9d734/fast] Error 2

File /home/elijah/fprime/Ref/build-fprime-automatic-native/CMakeFiles/CMakeTmp/CheckSymbolExists.c:
/* */
#include <pthread.h>

int main(int argc, char** argv)
{
  (void)argv;
#ifndef pthread_create
  return ((int*)(&pthread_create))[argc];
#else
  (void)argc;
  return 0;
#endif
}

Determining if the function pthread_create exists in the pthreads failed with the following output:
Change Dir: /home/elijah/fprime/Ref/build-fprime-automatic-native/CMakeFiles/CMakeTmp

Run Build Command:"/usr/bin/make" "cmTC_a3792/fast"
/usr/bin/make -f CMakeFiles/cmTC_a3792.dir/build.make CMakeFiles/cmTC_a3792.dir/build
make[1]: Entering directory '/home/elijah/fprime/Ref/build-fprime-automatic-native/CMakeFiles/CMakeTmp'
Building C object CMakeFiles/cmTC_a3792.dir/CheckFunctionExists.c.o
/usr/bin/cc   -DCHECK_FUNCTION_EXISTS=pthread_create   -o CMakeFiles/cmTC_a3792.dir/CheckFunctionExists.c.o   -c /usr/share/cmake-3.10/Modules/CheckFunctionExists.c
Linking C executable cmTC_a3792
/usr/bin/cmake -E cmake_link_script CMakeFiles/cmTC_a3792.dir/link.txt --verbose=1
/usr/bin/cc  -DCHECK_FUNCTION_EXISTS=pthread_create    CMakeFiles/cmTC_a3792.dir/CheckFunctionExists.c.o  -o cmTC_a3792 -lpthreads 
/usr/bin/ld: cannot find -lpthreads
collect2: error: ld returned 1 exit status
CMakeFiles/cmTC_a3792.dir/build.make:97: recipe for target 'cmTC_a3792' failed
make[1]: *** [cmTC_a3792] Error 1
make[1]: Leaving directory '/home/elijah/fprime/Ref/build-fprime-automatic-native/CMakeFiles/CMakeTmp'
Makefile:126: recipe for target 'cmTC_a3792/fast' failed
make: *** [cmTC_a3792/fast] Error 2


